2016-06-01 17:56:58 [14759167496] [此应用没有配置规则] （hhh）
2016-06-01 18:09:48 [14759167496] [此应用没有配置规则] （hhh）
2016-06-01 18:10:04 [14759167496] [此应用没有配置规则] （hhh）
2016-06-01 18:10:05 [14759167496] [此应用没有配置规则] （hhh）
2016-06-01 18:10:05 [14759167496] [此应用没有配置规则] （hhh）
2016-06-01 18:10:05 [14759167496] [此应用没有配置规则] （hhh）
2016-06-01 18:10:06 [14759167496] [此应用没有配置规则] （hhh）
2016-06-01 18:10:06 [14759167496] [此应用没有配置规则] （hhh）
2016-06-01 18:10:06 [14759167496] [此应用没有配置规则] （hhh）
2016-06-01 18:10:07 [14759167496] [此应用没有配置规则] （hhh）
2016-06-01 18:26:18 [14759167496] [发送失败] （您的验证码为：@，请阁下在60秒内用右手食指录入验证，以防泄露！【企业百事通】）
2016-06-01 18:27:06 [14759167496] [发送成功] （您的验证码为：@，请阁下在60秒内用右手食指录入验证，以防泄露！【企业百事通】）
2016-06-01 18:31:42 [14759167496] [发送失败] （1111）
2016-06-02 09:15:46 [14759167496] [发送失败] （尊敬的用户，您的本次验证码是：483532）
2016-06-02 09:20:23 [14759167496] [发送失败] （尊敬的用户，您的本次验证码是：536596）
2016-06-02 09:41:05 [14759167496] [发送成功] （您的验证码为：684719，有效期10分钟。如非本人操作，可不用理会。【淘会计】）
2016-06-02 09:47:54 [14759167496] [发送成功] （您的验证码为：847976，有效期10分钟。如非本人操作，可不用理会。【淘会计】）
2016-06-02 09:51:52 [14759167496] [发送成功] （您的验证码为：328488，有效期10分钟。如非本人操作，可不用理会。【淘会计】）
2016-06-02 09:56:22 [14759167496] [发送成功] （您的验证码为：172839，有效期10分钟。如非本人操作，可不用理会。【淘会计】）
2016-06-02 10:09:23 [14759167496] [发送成功] （您的验证码为：651760，有效期10分钟。如非本人操作，可不用理会。【淘会计】）
2016-06-02 11:16:37 [14759167496] [发送成功] （您的验证码为：221206，有效期10分钟。如非本人操作，可不用理会。【淘会计】）
2016-06-02 16:30:18 [18259059770] [发送成功] （您的验证码为：791781，有效期10分钟。如非本人操作，可不用理会。【淘会计】）
2016-06-02 16:54:33 [14759167496] [发送成功] （您的验证码为：509844，有效期10分钟。如非本人操作，可不用理会。【淘会计】）
2016-06-02 17:05:06 [14759167498] [发送成功] （您的验证码为：898843，有效期10分钟。如非本人操作，可不用理会。【淘会计】）
2016-06-02 17:07:31 [14759167498] [发送成功] （您的验证码为：143835，有效期10分钟。如非本人操作，可不用理会。【淘会计】）
2016-06-02 17:10:00 [14759167497] [发送成功] （您的验证码为：323379，有效期10分钟。如非本人操作，可不用理会。【淘会计】）
2016-06-02 17:10:09 [14759167497] [发送成功] （您的验证码为：327059，有效期10分钟。如非本人操作，可不用理会。【淘会计】）
2016-06-02 17:12:08 [14759167497] [发送成功] （您的验证码为：119995，有效期10分钟。如非本人操作，可不用理会。【淘会计】）
2016-06-02 17:17:01 [14759167497] [发送成功] （您的验证码为：164874，有效期10分钟。如非本人操作，可不用理会。【淘会计】）
2016-06-02 17:17:11 [14759167497] [发送成功] （您的验证码为：573071，有效期10分钟。如非本人操作，可不用理会。【淘会计】）
2016-06-02 17:40:47 [18259059770] [发送成功] （您的验证码为：235873，有效期10分钟。如非本人操作，可不用理会。【淘会计】）
2016-06-02 17:48:35 [18259059770] [发送成功] （您的验证码为：469580，有效期10分钟。如非本人操作，可不用理会。【淘会计】）
2016-06-02 17:49:39 [18259059770] [发送成功] （您的验证码为：187780，有效期10分钟。如非本人操作，可不用理会。【淘会计】）
2016-06-02 17:51:52 [18259059770] [发送成功] （您的验证码为：303109，有效期10分钟。如非本人操作，可不用理会。【淘会计】）
2016-06-02 17:58:44 [18259059770] [发送成功] （您的验证码为：168966，有效期10分钟。如非本人操作，可不用理会。【淘会计】）
2016-06-02 18:02:47 [14759167496] [发送成功] （您的验证码为：138204，有效期10分钟。如非本人操作，可不用理会。【淘会计】）
2016-06-02 18:06:24 [18259059770] [发送成功] （您的验证码为：704797，有效期10分钟。如非本人操作，可不用理会。【淘会计】）
2016-06-02 18:10:08 [18259059770] [发送成功] （您的验证码为：121917，有效期10分钟。如非本人操作，可不用理会。【淘会计】）
2016-06-02 18:12:03 [18259059770] [发送成功] （您的验证码为：103021，有效期10分钟。如非本人操作，可不用理会。【淘会计】）
2016-06-02 18:14:21 [18259059770] [发送成功] （您的验证码为：719519，有效期10分钟。如非本人操作，可不用理会。【淘会计】）
2016-06-02 18:15:44 [18259059770] [发送成功] （您的验证码为：421322，有效期10分钟。如非本人操作，可不用理会。【淘会计】）
2016-06-03 09:55:31 [18259059770] [发送成功] （您的验证码为：112689，有效期10分钟。如非本人操作，可不用理会。【淘会计】）
2016-06-03 09:56:40 [18259059770] [发送成功] （您的验证码为：512481，有效期10分钟。如非本人操作，可不用理会。【淘会计】）
2016-06-23 10:40:58 [18259059770] [发送成功] （您的验证码为：877777，有效期10分钟。如非本人操作，可不用理会。【淘会计】）
2016-06-23 10:41:57 [18259059770] [发送成功] （您的验证码为：109118，有效期10分钟。如非本人操作，可不用理会。【淘会计】）
2016-08-01 14:50:12 [14759167496] [发送失败] （您的验证码为：109118，有效期10分钟。如非本人操作，可不用理会。）
2016-08-01 14:50:31 [14759167496] [发送成功] （您的验证码为：109118，有效期10分钟。如非本人操作，可不用理会。【淘会计】）
2016-08-01 15:02:32 [14759167496] [发送成功] （您的验证码为：109118，有效期10分钟。如非本人操作，可不用理会。【淘会计】）
2016-08-01 15:09:26 [14759167496] [发送成功] （您的验证码为：109118，有效期10分钟。如非本人操作，可不用理会。【淘会计】）
2016-08-01 15:20:25 [14759167496] [发送成功] （您的验证码为：109118，有效期10分钟。如非本人操作，可不用理会。【淘会计】）
2016-08-01 15:33:11 [14759167496] [发送成功] （您的验证码为：109118，有效期10分钟。如非本人操作，可不用理会。【淘会计】）
2016-08-11 15:24:16 [14759167496] [发送成功] （您的验证码为：375784，有效期10分钟。如非本人操作，可不用理会。【淘会计】）
2016-08-11 15:29:33 [14759167496] [发送成功] （您的验证码为：841412，有效期10分钟。如非本人操作，可不用理会。【淘会计】）
2016-08-11 15:36:13 [14759167496] [发送成功] （您的验证码为：456753，有效期10分钟。如非本人操作，可不用理会。【淘会计】）
2016-08-11 16:00:15 [18259059770] [发送成功] （您的验证码为：890631，有效期10分钟。如非本人操作，可不用理会。【淘会计】）
2016-08-11 16:02:32 [18259059770] [发送成功] （您的验证码为：126367，有效期10分钟。如非本人操作，可不用理会。【淘会计】）
2016-08-11 16:03:31 [18259059770] [发送成功] （您的验证码为：733032，有效期10分钟。如非本人操作，可不用理会。【淘会计】）
2016-08-11 16:12:44 [14759166781] [发送成功] （您的验证码为：733142，有效期10分钟。如非本人操作，可不用理会。【淘会计】）
2016-08-11 16:12:59 [14759166781] [发送成功] （您的验证码为：531817，有效期10分钟。如非本人操作，可不用理会。【淘会计】）
2016-08-11 16:25:27 [18257058330] [发送成功] （您的验证码为：375921，有效期10分钟。如非本人操作，可不用理会。【淘会计】）
2016-08-11 16:58:34 [18527654880] [发送成功] （您的验证码为：874536，有效期10分钟。如非本人操作，可不用理会。【淘会计】）
2016-08-11 17:09:12 [18624058770] [发送成功] （您的验证码为：404348，有效期10分钟。如非本人操作，可不用理会。【淘会计】）
2016-08-12 14:46:39 [18527654880] [发送失败] （您的账号【jsdhsl】实名认证成功）
2016-08-12 14:55:38 [14759167496] [发送失败] （您的账号【不简单】实名认证未通过，请登录会员中心查看原因）
2016-08-12 15:15:54 [14759167496] [发送失败] （您的账号【不简单】实名认证成功）
2016-08-12 15:19:12 [18527654880] [发送失败] （您的账号【jsdhsl】实名认证未通过，请登录会员中心查看原因）
2016-08-12 15:19:22 [18527654880] [发送失败] （您的账号【jsdhsl】实名认证成功）
2016-08-12 15:26:26 [13600805100] [发送失败] （您的账号【admin】实名认证成功）
2016-08-12 16:25:56 [15060191347] [发送成功] （您的验证码为：185116，有效期10分钟。如非本人操作，可不用理会。【淘会计】）
2016-08-15 15:18:05 [18257058330] [发送失败] （您的账号【375921】实名认证成功）
2016-08-16 13:33:22 [18659139690] [发送成功] （您的验证码为：207830，有效期10分钟。如非本人操作，可不用理会。【淘会计】）
2016-08-17 08:49:38 [13805088319] [发送成功] （您的验证码为：921612，有效期10分钟。如非本人操作，可不用理会。【淘会计】）
2016-08-17 08:49:39 [13805088319] [发送成功] （您的验证码为：353070，有效期10分钟。如非本人操作，可不用理会。【淘会计】）
2016-08-18 09:24:17 [13314924001] [发送成功] （您的验证码为：909307，有效期10分钟。如非本人操作，可不用理会。【淘会计】）
2016-09-05 09:37:29 [18860166024] [发送成功] （您的验证码为：803948，有效期10分钟。如非本人操作，可不用理会。【淘会计】）
2016-09-05 14:14:18 [13205051505] [发送成功] （您的验证码为：680929，有效期10分钟。如非本人操作，可不用理会。【淘会计】）
2016-09-06 11:00:31 [18965023823] [发送成功] （您的验证码为：446343，有效期10分钟。如非本人操作，可不用理会。【淘会计】）
2016-09-07 09:17:31 [14759167496] [发送成功] （您的验证码为：395559，有效期1分钟。如非本人操作，可不用理会。【淘会计】）
2016-09-07 10:44:05 [14759167496] [发送成功] （您的验证码为：348812，有效期1分钟。如非本人操作，可不用理会。【淘会计】）
2016-09-09 13:34:01 [18950485589] [发送成功] （您的验证码为：489932，有效期1分钟。如非本人操作，可不用理会。【淘会计】）
2016-09-09 14:38:17 [18950485589] [发送成功] （您的验证码为：701831，有效期1分钟。如非本人操作，可不用理会。【淘会计】）
2016-09-09 14:42:09 [18950485589] [发送成功] （您的验证码为：305361，有效期1分钟。如非本人操作，可不用理会。【淘会计】）
2016-09-09 14:46:01 [18950485589] [发送成功] （您的验证码为：357107，有效期1分钟。如非本人操作，可不用理会。【淘会计】）
2016-09-09 14:58:16 [18950485589] [发送成功] （您的验证码为：571862，有效期1分钟。如非本人操作，可不用理会。【淘会计】）
2016-09-14 11:48:49 [18960253823] [发送成功] （您的验证码为：757504，有效期1分钟。如非本人操作，可不用理会。【淘会计】）
2016-09-18 15:07:53 [18257647880] [发送成功] （您的验证码为：807849，有效期1分钟。如非本人操作，可不用理会。【淘会计】）
2016-09-18 15:09:47 [14758673485] [发送成功] （您的验证码为：795874，有效期1分钟。如非本人操作，可不用理会。【淘会计】）
2016-09-18 15:13:00 [14752467896] [发送成功] （您的验证码为：813726，有效期1分钟。如非本人操作，可不用理会。【淘会计】）
2016-09-18 15:21:39 [14757624865] [发送成功] （您的验证码为：518963，有效期1分钟。如非本人操作，可不用理会。【淘会计】）
2016-09-18 15:25:47 [15789647758] [发送成功] （您的验证码为：948391，有效期1分钟。如非本人操作，可不用理会。【淘会计】）
2016-09-18 15:31:03 [15959086311] [发送成功] （您的验证码为：328817，有效期1分钟。如非本人操作，可不用理会。【淘会计】）
2016-09-19 11:41:47 [13799988465] [发送成功] （您的验证码为：485784，有效期1分钟。如非本人操作，可不用理会。【淘会计】）
2016-09-23 13:43:26 [18559902195] [发送成功] （您的验证码为：866708，有效期1分钟。如非本人操作，可不用理会。【淘会计】）
2016-09-23 13:43:36 [15959018441] [发送成功] （您的验证码为：483889，有效期1分钟。如非本人操作，可不用理会。【淘会计】）
2016-09-23 13:44:18 [18860182573] [发送成功] （您的验证码为：350790，有效期1分钟。如非本人操作，可不用理会。【淘会计】）
2016-09-23 13:44:19 [18860182573] [发送成功] （您的验证码为：943090，有效期1分钟。如非本人操作，可不用理会。【淘会计】）
2016-09-23 13:44:27 [18459178904] [发送成功] （您的验证码为：193988，有效期1分钟。如非本人操作，可不用理会。【淘会计】）
2016-09-23 13:44:30 [15606065341] [发送成功] （您的验证码为：906011，有效期1分钟。如非本人操作，可不用理会。【淘会计】）
2016-09-23 13:44:36 [15060020069] [发送成功] （您的验证码为：876541，有效期1分钟。如非本人操作，可不用理会。【淘会计】）
2016-09-23 13:52:12 [13905908821] [发送成功] （您的验证码为：480126，有效期1分钟。如非本人操作，可不用理会。【淘会计】）
2016-09-23 14:23:59 [18396518309] [发送成功] （您的验证码为：898458，有效期1分钟。如非本人操作，可不用理会。【淘会计】）
2016-09-23 14:24:00 [18396518309] [发送成功] （您的验证码为：297644，有效期1分钟。如非本人操作，可不用理会。【淘会计】）
2016-09-27 11:54:25 [18046050107] [发送成功] （您的验证码为：215301，有效期1分钟。如非本人操作，可不用理会。【淘会计】）
2016-09-29 13:56:42 [13459118626] [发送成功] （您的验证码为：724380，有效期1分钟。如非本人操作，可不用理会。【淘会计】）
2016-09-29 13:56:57 [15605913047] [发送成功] （您的验证码为：839929，有效期1分钟。如非本人操作，可不用理会。【淘会计】）
2016-09-29 13:58:17 [15606065341] [发送成功] （您的验证码为：671536，有效期1分钟。如非本人操作，可不用理会。【淘会计】）
2016-09-29 13:59:39 [13799422351] [发送成功] （您的验证码为：475238，有效期1分钟。如非本人操作，可不用理会。【淘会计】）
2016-09-29 14:00:39 [13705040197] [发送成功] （您的验证码为：174432，有效期1分钟。如非本人操作，可不用理会。【淘会计】）
2016-10-13 22:38:58 [18059057123] [发送成功] （您的验证码为：552526，有效期1分钟。如非本人操作，可不用理会。【淘会计】）
2016-10-19 06:13:08 [13705953379] [发送成功] （您的验证码为：435522，有效期1分钟。如非本人操作，可不用理会。【淘会计】）
2016-10-25 00:16:47 [13107619972] [发送成功] （您的验证码为：937515，有效期1分钟。如非本人操作，可不用理会。【淘会计】）
2017-03-14 16:56:03 [17816854100] [发送成功] （您的验证码为：455737，有效期1分钟。如非本人操作，可不用理会。【淘会计】）
2017-05-23 21:40:01 [13589622323] [发送失败] （您的验证码为：220877，有效期1分钟。如非本人操作，可不用理会。【淘会计】）
2017-05-23 21:40:01 [13589622323] [发送失败] （您的验证码为：334558，有效期1分钟。如非本人操作，可不用理会。【淘会计】）
2017-05-23 21:40:11 [13589622323] [发送失败] （您的验证码为：862149，有效期1分钟。如非本人操作，可不用理会。【淘会计】）
